Reading data from ./data/flowc/nilsson_rare.fcs with mode all conditions unknown
Read 44140 samples from ./data/flowc/nilsson_rare.fcs
Removing 0 samples with feature label equal to nan
Removing 0 samples
Experiment 0 goes from sample 0 to sample 44140
Removing 0 samples from experiment 0
Number of samples before outliers removal 44140
Removing 391 outliers for feature CD110
Removing 391 samples
Experiment 0 goes from sample 0 to sample 44140
Removing 391 samples from experiment 0
Removing 259 outliers for feature CD34
Removing 259 samples
Experiment 0 goes from sample 0 to sample 43749
Removing 259 samples from experiment 0
Removing 610 outliers for feature CD4
Removing 610 samples
Experiment 0 goes from sample 0 to sample 43490
Removing 610 samples from experiment 0
Removing 422 outliers for feature CD19
Removing 422 samples
Experiment 0 goes from sample 0 to sample 42880
Removing 422 samples from experiment 0
Removing 349 outliers for feature CD10
Removing 349 samples
Experiment 0 goes from sample 0 to sample 42458
Removing 349 samples from experiment 0
Removing 544 outliers for feature CD11b
Removing 544 samples
Experiment 0 goes from sample 0 to sample 42109
Removing 544 samples from experiment 0
Removing 463 outliers for feature CD45
Removing 463 samples
Experiment 0 goes from sample 0 to sample 41565
Removing 463 samples from experiment 0
Removing 1146 outliers for feature CD45RA
Removing 1146 samples
Experiment 0 goes from sample 0 to sample 41102
Removing 1146 samples from experiment 0
Removing 182 outliers for feature CD49fpur
Removing 182 samples
Experiment 0 goes from sample 0 to sample 39956
Removing 182 samples from experiment 0
Removing 109 outliers for feature CD38
Removing 109 samples
Experiment 0 goes from sample 0 to sample 39774
Removing 109 samples from experiment 0
Removing 366 outliers for feature CD123
Removing 366 samples
Experiment 0 goes from sample 0 to sample 39665
Removing 366 samples from experiment 0
Removing 132 outliers for feature CD90bio
Removing 132 samples
Experiment 0 goes from sample 0 to sample 39299
Removing 132 samples from experiment 0
Removing 1466 outliers for feature CD3
Removing 1466 samples
Experiment 0 goes from sample 0 to sample 39167
Removing 1466 samples from experiment 0
Number of samples after outliers removal 37701
Running normalization for feature CD110 in experiment 0 with mode arcsin_abs
Running normalization for feature CD34 in experiment 0 with mode arcsin_abs
Running normalization for feature CD4 in experiment 0 with mode arcsin_abs
Running normalization for feature CD19 in experiment 0 with mode arcsin_abs
Running normalization for feature CD10 in experiment 0 with mode arcsin_abs
Running normalization for feature CD11b in experiment 0 with mode arcsin_abs
Running normalization for feature CD45 in experiment 0 with mode arcsin_abs
Running normalization for feature CD45RA in experiment 0 with mode arcsin_abs
Running normalization for feature CD49fpur in experiment 0 with mode arcsin_abs
Running normalization for feature CD38 in experiment 0 with mode arcsin_abs
Running normalization for feature CD123 in experiment 0 with mode arcsin_abs
Running normalization for feature CD90bio in experiment 0 with mode arcsin_abs
Running normalization for feature CD3 in experiment 0 with mode arcsin_abs
Running a clustering step for features CD110,CD34,CD4,CD19,CD10,CD11b,CD45,CD45RA,CD49fpur,CD38,CD123,CD90bio,CD3
Calculating distance matrix with metric euclidean
Clustering with the Distance-Peaks algorithm, with percent 2.000000
Computing densities using kernel with radius     0.975428
Considering as cluster centers the samples above 3.000000 stds along delta
Searching neighbours
Assigning samples to cluster centers with halo 0.000000
Results of clustering with method Density Peaks
	Label 1 = 331
		means = [3.187108   6.33824428 5.91052399 4.2446189  4.96740302 4.74441213 6.56270765 4.23950078 6.13854386 5.52037828 4.01055236 6.47322501 5.72120838]
		stds = [0.52572304 0.2307646  0.2556605  0.34330495 0.2244223  0.34989328 0.18643425 0.28834787 0.20309063 0.50855495 0.43583439 0.24831916 0.19441231]
	Label 0 = 37370
		means = [4.76208527 6.4720382  5.94531469 6.03369949 6.68590192 4.35721816 6.03267236 5.97996773 5.73717913 7.45426896 4.4007992  6.2535143  5.50586753]
		stds = [1.07446145 0.9532698  0.5576861  1.51947406 1.65937356 0.74495137 0.7157383  1.17956131 0.41682736 1.02423599 0.78450525 0.75272024 0.59207867]
	Cluster 0
		number of samples = 299
		means = [4.82854462 5.09838508 6.51767767 4.76139414 5.91129545 4.76492345 7.56276344 3.96637004 6.28178438 4.46711266 2.69501083 6.33559461 7.03739067]
		stds = [0.26369765 0.36073706 0.413983   0.3037667  0.17777854 0.39829818 0.2144783  0.65113794 0.19975127 0.96107215 0.6906854  0.19551524 0.18241128]
	Cluster 1
		number of samples = 538
		means = [3.61397863 5.11888246 6.14374954 4.6077296  4.26836905 5.54879543 5.00747075 4.09751169 5.05832175 6.56959598 3.12494934 4.99039885 4.13706379]
		stds = [0.4522213  0.45089523 0.47226849 0.55886061 0.54643215 0.64391442 0.33648019 0.53135528 0.4592435  0.57472846 0.4951443  0.60702668 0.39670044]
	Cluster 2
		number of samples = 151
		means = [3.01325795 6.35037351 5.80062997 4.65562936 6.93834121 4.68847883 6.15498669 6.63322694 5.93224916 6.04322394 5.40398471 6.30778133 5.4385886 ]
		stds = [0.47871767 0.32915243 0.32407873 0.27884156 0.7929102  0.34300782 0.20516463 0.40203589 0.26262522 0.53979393 0.38843765 0.41259216 0.25282672]
	Cluster 3
		number of samples = 12841
		means = [5.5133639  7.11129873 6.25541596 7.16235712 8.13300975 4.16248817 5.72458218 6.42247001 5.74116711 8.08331249 4.8216716  6.87894019 5.5676853 ]
		stds = [0.44658911 0.32456391 0.32117668 0.44591903 0.44293556 0.47706734 0.25823932 0.36599614 0.28986835 0.27688456 0.38747002 0.3901183  0.25995533]
		pairing label[0] = 37370
		precision = 1.000000
		recall = 0.343618
		f-score = 0.511482
	Cluster 4
		number of samples = 61
		means = [5.10362447 6.83543729 5.84821372 6.87788222 8.35186424 0.02226171 5.5621068  6.38700481 5.46571437 8.06391953 4.53164269 7.02200688 5.59786084]
		stds = [0.38097707 0.25785921 0.35602743 0.33227902 0.26679332 0.12619603 0.33531139 0.38492286 0.38791333 0.22668569 0.41223043 0.24697307 0.25493082]
	Cluster 5
		number of samples = 179
		means = [3.0482191  5.66699198 5.13941396 3.98882259 6.79230303 4.29603851 5.74129373 6.17392388 5.2346237  8.33156995 4.23315549 5.92691201 5.09081096]
		stds = [0.5872141  0.29456524 0.62555253 0.49640514 0.81198316 0.51334725 0.28008318 0.40464692 0.61505182 0.32204137 0.50569704 0.52171296 0.29561575]
	Cluster 6
		number of samples = 348
		means = [4.70352867 4.63618075 5.71019691 4.32333643 5.89052543 4.72490016 7.40208256 7.42344327 6.08220406 5.54363242 2.30140531 6.27202763 7.02909906]
		stds = [0.27243046 0.41812492 0.64849311 0.47925788 0.18625687 0.61238587 0.19330866 0.93791612 0.2038509  0.68842195 0.7292617  0.18832843 0.15518249]
	Cluster 7
		number of samples = 10
		means = [3.86542752 0.23437243 4.67553635 3.13235953 3.59979017 4.91553864 5.65157909 3.73197131 4.83769131 5.51280746 4.09316397 4.59107475 4.71650314]
		stds = [0.21110062 0.40075592 0.1709841  0.52407573 0.24295609 0.23855139 0.15197636 0.37804755 0.2217091  0.33652645 0.25000276 0.29889669 0.18036828]
	Cluster 8
		number of samples = 1992
		means = [5.76705753 6.99125574 6.01278087 7.39326893 5.95662657 4.61045018 7.48770432 7.76820457 6.22229395 5.76368496 4.63693567 5.8327021  6.39377832]
		stds = [0.37937593 0.37310092 0.3538692  0.39000591 0.33814958 0.49344438 0.21802622 0.43605471 0.22328681 0.81476683 0.77407381 0.27615786 0.22258255]
	Cluster 9
		number of samples = 10
		means = [3.60759161 3.45914924 4.65585868 2.44721968 5.22893872 4.51022487 7.45809345 7.8556767  6.0648952  7.27238107 0.26668299 5.8011529  6.46734748]
		stds = [0.39935614 1.54387708 0.52025803 1.08004294 0.23798504 0.42938338 0.18569915 0.39628205 0.23883931 0.81983682 0.29539317 0.2386139  0.23561324]
	Cluster 10
		number of samples = 8499
		means = [5.22452009 6.86420603 6.03102778 6.86195367 7.67639396 3.85886017 5.59840158 6.26791969 5.57040228 7.9328721  4.36839599 6.4735011  5.26640106]
		stds = [0.44270808 0.31974031 0.31190806 0.45270161 0.49892305 0.45222399 0.23640198 0.36865478 0.28775548 0.27795278 0.37372152 0.4160866  0.25887132]
	Cluster 11
		number of samples = 14
		means = [4.78728458 4.6430237  5.79487269 4.26052039 5.92252326 4.7343468  7.4105241  7.86847564 6.05632833 6.17832541 0.24423928 6.28409719 7.08637881]
		stds = [0.20940104 0.29882469 0.60545077 0.46895094 0.14673163 0.38927138 0.12885689 0.41725385 0.17480647 0.58346791 0.38960586 0.20673452 0.11333044]
	Cluster 12
		number of samples = 1370
		means = [3.86716808 3.91660776 4.60820475 3.34146625 3.78380208 5.13949659 5.67691719 3.86921508 4.90450463 5.69357122 4.17497083 4.73087081 4.69354563]
		stds = [0.44428779 0.58038787 0.47618852 0.62584647 0.57504285 0.34034348 0.28474368 0.44238902 0.31298845 0.57484746 0.41783145 0.42982278 0.33232526]
	Cluster 13
		number of samples = 3
		means = [5.81650909 7.01997153 6.027493   7.45130491 5.78955777 0.         7.39527543 7.46178675 6.1181922  4.99306043 0.         5.59991376 6.36494637]
		stds = [0.21345272 0.2392928  0.13869062 0.24286632 0.05007448 0.         0.08001617 0.50512882 0.10284974 0.79288182 0.         0.15289986 0.11638833]
	Cluster 14
		number of samples = 121
		means = [4.44220856 4.70075336 4.92655122 4.22196357 5.95740974 4.28804791 7.68921663 4.70083729 6.29512041 4.6436035  2.70702529 6.33075896 7.067687  ]
		stds = [0.2284547  0.3423915  0.33721223 0.3446057  0.16273629 0.48252164 0.1951532  0.75150723 0.21159342 0.78895131 0.39051884 0.15879098 0.15411039]
	Cluster 15
		number of samples = 1470
		means = [4.01637985 5.32767908 5.8824597  4.58377357 5.4341395  5.74118281 7.22591274 5.06883611 6.10610339 6.9816194  4.40558679 6.08193159 6.21423329]
		stds = [0.36832853 0.42773152 0.47254706 0.48879731 0.38514441 0.41053887 0.30144821 0.83338565 0.30521176 0.45751256 0.57242016 0.32113984 0.28893434]
	Cluster 16
		number of samples = 345
		means = [4.79762967 6.15574064 5.86231584 4.63961164 3.96140292 4.38507029 5.76816736 3.85316631 5.68440953 8.07315535 2.85357085 5.18251976 4.75428264]
		stds = [0.55324471 0.35280988 0.35318103 0.44897346 0.38662786 0.41876236 0.29537513 0.42539267 0.35991879 0.39829406 0.75543303 0.38296782 0.3356466 ]
	Cluster 17
		number of samples = 38
		means = [3.21463327 4.0676031  4.1509958  3.61228852 6.26358473 4.92933183 5.53947099 3.34335224 4.5583074  4.88608237 3.80548443 5.43107259 4.75956203]
		stds = [0.65036813 0.51282881 0.80949677 0.5836653  0.60187742 0.52699974 0.51466273 0.7923481  0.59189329 0.81838578 0.49284314 0.42065322 0.47839341]
	Cluster 18
		number of samples = 2130
		means = [3.18120275 6.24943587 5.75964853 4.3169232  4.67246938 4.72179959 6.07838349 6.00813494 5.85538642 7.5849904  4.77591509 5.5202111  5.19055705]
		stds = [0.58065577 0.31964148 0.30528329 0.45763143 0.76279636 0.44947562 0.25013098 0.46241515 0.27442702 0.65976014 0.55640246 0.37830543 0.26806386]
	Cluster 19
		number of samples = 5
		means = [3.14404602 4.43068914 4.67417011 3.45843644 5.02854757 4.62348185 7.32926664 7.1535368  5.97622004 6.87014809 0.65491965 5.60305433 6.17072773]
		stds = [0.18092221 0.18248325 0.12084586 0.21877431 0.13631313 0.34328297 0.06005665 0.22152907 0.06557474 0.23741083 0.40299326 0.05774377 0.06172943]
	Cluster 20
		number of samples = 81
		means = [5.05308803 6.71024967 5.74339143 6.76814119 7.58710372 0.04563488 5.47853354 6.10629026 5.33828543 7.86397686 3.19445487 6.32983147 5.11940746]
		stds = [0.40985712 0.31574148 0.37578448 0.38311413 0.41214845 0.130955   0.23796081 0.37648318 0.32207371 0.32341219 1.24809927 0.39249663 0.27035842]
	Cluster 21
		number of samples = 671
		means = [4.03066537 5.40021346 6.49872853 4.99705034 4.69105016 5.54455054 5.63084737 4.12270226 5.26796269 7.19865283 3.3211343  5.08746642 4.71440279]
		stds = [0.47746378 0.49650873 0.49691522 0.52221454 0.66942493 0.5003512  0.43986973 0.52025892 0.48290087 0.5628232  0.65795151 0.79788172 0.46197478]
	Cluster 22
		number of samples = 4521
		means = [3.13811338 6.16428997 5.7066036  4.14788046 4.40571478 4.51944246 6.16552132 4.25468914 5.85420529 6.90466318 4.26770576 5.64233934 5.25902026]
		stds = [0.56907598 0.39815943 0.35763692 0.4936719  0.55498749 0.49243829 0.40433838 0.56722078 0.34829029 0.9025141  0.63190709 0.5832108  0.44409345]
		pairing label[1] = 331
		precision = 0.072550
		recall = 0.990937
		f-score = 0.135202
	Cluster 23
		number of samples = 16
		means = [0.1135628  6.03504992 5.53460672 3.40757123 4.27627893 4.32099468 6.30233553 3.83367059 5.82349309 5.87886223 4.07600525 5.78545099 5.37278771]
		stds = [0.18123797 0.22417958 0.22261994 0.52569183 0.37376225 0.36575053 0.21334158 0.4057591  0.2396646  0.74742795 0.59561974 0.4206249  0.22389979]
	Cluster 24
		number of samples = 103
		means = [3.16842475 4.25071684 4.75861959 2.14996385 5.18369966 4.80049063 7.54604517 7.95743842 6.17387354 6.37617243 2.39267817 5.80338237 6.43808917]
		stds = [0.68549521 0.86382146 0.35183401 1.41867531 0.22750069 0.33498394 0.182936   0.43814921 0.19121688 0.74821602 0.99647135 0.22889068 0.18976164]
	Cluster 25
		number of samples = 47
		means = [5.76003804 7.26063662 6.32049166 7.43750735 7.82157002 0.0749745  5.71355151 6.36989726 5.64014024 7.90519944 4.23680885 6.58073491 5.34498972]
		stds = [0.36524951 0.25346192 0.3158323  0.34600743 0.32276761 0.20576394 0.20315274 0.34626367 0.28203598 0.25212886 0.30625457 0.24247843 0.1835244 ]
	Cluster 26
		number of samples = 40
		means = [3.14842204 3.40272844 4.40415403 0.0833392  3.3617836  4.79982458 5.75936278 3.61596868 4.94741712 5.81601231 3.84202196 4.80388417 4.76128296]
		stds = [1.1074259  1.73658322 0.96986588 0.17999892 1.50878105 0.50650553 0.43076045 0.75778516 0.49531131 0.90763489 0.45610879 0.6000078  0.44377618]
	Cluster 27
		number of samples = 68
		means = [4.00682642 4.67710967 5.12096127 4.40395424 7.7666607  5.65783687 6.47856499 4.30725996 5.46199843 5.65511279 4.70370878 6.63625266 5.8188929 ]
		stds = [0.35983076 0.71337773 0.47475349 0.50351699 0.42987594 0.29185255 0.26684189 0.29587622 0.25785219 0.44423955 0.29453989 0.36947506 0.28925601]
	Cluster 28
		number of samples = 152
		means = [4.41954482 4.59953932 4.83115243 4.11759659 5.91324416 4.34647321 7.6956562  6.36829505 6.30097526 4.24770082 2.43916056 6.29625366 7.05182711]
		stds = [0.25120163 0.36887562 0.34716685 0.37671554 0.19780891 0.40840536 0.17425014 0.75235653 0.18352483 0.59051055 0.69086464 0.20133026 0.15428747]
	Cluster 29
		number of samples = 13
		means = [4.19757021 3.11989166 4.58664536 2.66789818 5.74523504 2.32400777 7.53570293 4.43530451 6.08261413 4.04495467 0.62883415 6.12972476 6.96907605]
		stds = [0.27450076 1.81584349 1.03885947 1.59521466 0.16129985 1.67727324 0.23030749 0.61826247 0.22018869 1.12266549 0.83093223 0.18872265 0.16386214]
	Cluster 30
		number of samples = 14
		means = [4.63583003 5.81309537 6.53262677 5.35655025 4.97344409 5.75793423 5.47563161 3.87112028 5.56309451 7.22111794 4.90467058 5.44775496 4.73478825]
		stds = [0.21513346 0.31373681 0.19459505 0.22232704 0.22334526 0.19032793 0.28993795 0.48878352 0.21250802 0.52984292 0.14192966 0.31812591 0.27876069]
	Cluster 31
		number of samples = 1046
		means = [3.37410824 4.64440109 4.7834849  3.50854161 5.27469327 4.80807507 7.57779702 7.81147022 6.20553708 6.32058097 2.61588302 5.84787238 6.48351242]
		stds = [0.53290512 0.33949013 0.40556284 0.57641805 0.24332525 0.35205058 0.21626021 0.51456806 0.22456413 1.38934129 0.61042752 0.2655827  0.23257343]
	Cluster 32
		number of samples = 505
		means = [5.74649547 7.02699552 6.02517015 7.36467838 6.98862827 4.74120797 7.5728298  7.85084924 6.2958071  8.21489976 5.03603602 6.29348132 6.53174122]
		stds = [0.51324609 0.46839601 0.43185758 0.55604516 0.38401652 0.39514218 0.24146024 0.36615664 0.23301072 0.35992122 0.59558918 0.2648707  0.22530911]
	Labels found: [0]
	Average f-score = 0.323342 +/- 0.188140
